<?xml version="1.0" encoding="UTF-8"?>
<!-- Generated by org.testng.reporters.JUnitXMLReporter -->
<testsuite ignored="0" hostname="Sakthi" failures="1" tests="7" name="Test" time="42.745" errors="0" timestamp="2025-03-29T13:00:53 IST">
  <testcase classname="testCases.Login_testCases" name="login" time="9.515"/>
  <testcase classname="testCases.ProductCategories_testCases" name="categories" time="0.02">
    <failure type="java.lang.AssertionError" message="null">
      <![CDATA[java.lang.AssertionError: null
at testCases.ProductCategories_testCases.categories(ProductCategories_testCases.java:26)
at java.base/java.util.ArrayList.forEach(ArrayList.java:1597)
... Removed 27 stack frames]]>
    </failure>
  </testcase> <!-- categories -->
  <testcase classname="testCases.ProductCategories_testCases" name="homepage" time="0.005"/>
  <testcase classname="testCases.ProductCategories_testCases" name="logo" time="0.001"/>
  <testcase classname="testCases.Login_testCases" name="login" time="8.927"/>
  <testcase classname="testCases.AddingtoCart_testCases" name="Cart" time="10.982"/>
  <testcase classname="testCases.Signin_testCases" name="signin" time="6.678"/>
</testsuite> <!-- Test -->
