<?xml version="1.0" encoding="UTF-8"?>
<testng-results ignored="0" total="7" passed="6" failed="1" skipped="0">
  <reporter-output>
  </reporter-output>
  <suite started-at="2025-03-29T13:00:10 IST" name="Suite" finished-at="2025-03-29T13:00:53 IST" duration-ms="42745">
    <groups>
    </groups>
    <test started-at="2025-03-29T13:00:10 IST" name="Test" finished-at="2025-03-29T13:00:53 IST" duration-ms="42745">
      <class name="testCases.ProductCategories_testCases">
        <test-method signature="login()[pri:0, instance:testCases.ProductCategories_testCases@279fedbd]" started-at="2025-03-29T13:00:11 IST" name="login" finished-at="2025-03-29T13:00:20 IST" duration-ms="9515" status="PASS">
          <reporter-output>
          </reporter-output>
        </test-method> <!-- login -->
        <test-method signature="categories()[pri:0, instance:testCases.ProductCategories_testCases@279fedbd]" started-at="2025-03-29T13:00:20 IST" name="categories" finished-at="2025-03-29T13:00:20 IST" duration-ms="20" status="FAIL">
          <exception class="java.lang.AssertionError">
            <message>
              <![CDATA[null]]>
            </message>
            <full-stacktrace>
              <![CDATA[java.lang.AssertionError: null
at org.testng.Assert.fail(Assert.java:111)
at org.testng.Assert.fail(Assert.java:116)
at testCases.ProductCategories_testCases.categories(ProductCategories_testCases.java:26)
at java.base/jdk.internal.reflect.DirectMethodHandleAccessor.invoke(DirectMethodHandleAccessor.java:103)
at java.base/java.lang.reflect.Method.invoke(Method.java:580)
at org.testng.internal.invokers.MethodInvocationHelper.invokeMethod(MethodInvocationHelper.java:139)
at org.testng.internal.invokers.TestInvoker.invokeMethod(TestInvoker.java:664)
at org.testng.internal.invokers.TestInvoker.invokeTestMethod(TestInvoker.java:227)
at org.testng.internal.invokers.MethodRunner.runInSequence(MethodRunner.java:50)
at org.testng.internal.invokers.TestInvoker$MethodInvocationAgent.invoke(TestInvoker.java:957)
at org.testng.internal.invokers.TestInvoker.invokeTestMethods(TestInvoker.java:200)
at org.testng.internal.invokers.TestMethodWorker.invokeTestMethods(TestMethodWorker.java:148)
at org.testng.internal.invokers.TestMethodWorker.run(TestMethodWorker.java:128)
at java.base/java.util.ArrayList.forEach(ArrayList.java:1597)
at org.testng.TestRunner.privateRun(TestRunner.java:848)
at org.testng.TestRunner.run(TestRunner.java:621)
at org.testng.SuiteRunner.runTest(SuiteRunner.java:443)
at org.testng.SuiteRunner.runSequentially(SuiteRunner.java:437)
at org.testng.SuiteRunner.privateRun(SuiteRunner.java:397)
at org.testng.SuiteRunner.run(SuiteRunner.java:336)
at org.testng.SuiteRunnerWorker.runSuite(SuiteRunnerWorker.java:52)
at org.testng.SuiteRunnerWorker.run(SuiteRunnerWorker.java:95)
at org.testng.TestNG.runSuitesSequentially(TestNG.java:1280)
at org.testng.TestNG.runSuitesLocally(TestNG.java:1200)
at org.testng.TestNG.runSuites(TestNG.java:1114)
at org.testng.TestNG.run(TestNG.java:1082)
at org.testng.remote.AbstractRemoteTestNG.run(AbstractRemoteTestNG.java:115)
at org.testng.remote.RemoteTestNG.initAndRun(RemoteTestNG.java:293)
at org.testng.remote.RemoteTestNG.main(RemoteTestNG.java:91)
]]>
            </full-stacktrace>
          </exception> <!-- java.lang.AssertionError -->
          <reporter-output>
          </reporter-output>
        </test-method> <!-- categories -->
        <test-method signature="homepage()[pri:0, instance:testCases.ProductCategories_testCases@279fedbd]" started-at="2025-03-29T13:00:20 IST" name="homepage" finished-at="2025-03-29T13:00:20 IST" duration-ms="5" status="PASS">
          <reporter-output>
          </reporter-output>
        </test-method> <!-- homepage -->
        <test-method signature="logo()[pri:0, instance:testCases.ProductCategories_testCases@279fedbd]" started-at="2025-03-29T13:00:20 IST" name="logo" finished-at="2025-03-29T13:00:20 IST" duration-ms="1" status="PASS">
          <reporter-output>
          </reporter-output>
        </test-method> <!-- logo -->
      </class> <!-- testCases.ProductCategories_testCases -->
      <class name="testCases.Login_testCases">
        <test-method signature="login()[pri:0, instance:testCases.Login_testCases@8297b3a]" started-at="2025-03-29T13:00:20 IST" name="login" finished-at="2025-03-29T13:00:29 IST" duration-ms="8927" status="PASS">
          <reporter-output>
          </reporter-output>
        </test-method> <!-- login -->
      </class> <!-- testCases.Login_testCases -->
      <class name="testCases.AddingtoCart_testCases">
        <test-method signature="Cart()[pri:0, instance:testCases.AddingtoCart_testCases@2362f559]" started-at="2025-03-29T13:00:29 IST" name="Cart" finished-at="2025-03-29T13:00:40 IST" duration-ms="10982" status="PASS">
          <reporter-output>
          </reporter-output>
        </test-method> <!-- Cart -->
      </class> <!-- testCases.AddingtoCart_testCases -->
      <class name="testCases.Signin_testCases">
        <test-method is-config="true" signature="signin()[pri:0, instance:testCases.Signin_testCases@3bd82cf5]" started-at="2025-03-29T13:00:40 IST" name="signin" finished-at="2025-03-29T13:00:47 IST" duration-ms="6520" status="PASS">
          <reporter-output>
          </reporter-output>
        </test-method> <!-- signin -->
        <test-method signature="signin()[pri:0, instance:testCases.Signin_testCases@3bd82cf5]" started-at="2025-03-29T13:00:47 IST" name="signin" finished-at="2025-03-29T13:00:53 IST" duration-ms="6678" status="PASS">
          <reporter-output>
          </reporter-output>
        </test-method> <!-- signin -->
      </class> <!-- testCases.Signin_testCases -->
    </test> <!-- Test -->
  </suite> <!-- Suite -->
</testng-results>
